2023-03-18 11:45:14.043 [main] INFO  DevOps.ScientificCalc - [SQ ROOT] - 3.0
2023-03-18 11:45:14.046 [main] INFO  DevOps.ScientificCalc - [RESULT - SQ ROOT] - 1.7320508075688772
2023-03-18 11:45:14.046 [main] INFO  DevOps.ScientificCalc - [SQ ROOT] - 4.0
2023-03-18 11:45:14.046 [main] INFO  DevOps.ScientificCalc - [RESULT - SQ ROOT] - 2.0
2023-03-18 11:45:14.047 [main] INFO  DevOps.ScientificCalc - [NATURAL LOG] - 1.0
2023-03-18 11:45:14.047 [main] INFO  DevOps.ScientificCalc - [RESULT - NATURAL LOG] - 0.0
2023-03-18 11:45:14.047 [main] INFO  DevOps.ScientificCalc - [NATURAL LOG] - 1.0
2023-03-18 11:45:14.048 [main] INFO  DevOps.ScientificCalc - [RESULT - NATURAL LOG] - 0.0
2023-03-18 11:45:14.059 [main] INFO  DevOps.ScientificCalc - [POWER - 2.0 RAISED TO] 2.0
2023-03-18 11:45:14.060 [main] INFO  DevOps.ScientificCalc - [RESULT - POWER] - 4.0
2023-03-18 11:45:14.060 [main] INFO  DevOps.ScientificCalc - [POWER - 2.0 RAISED TO] 3.0
2023-03-18 11:45:14.060 [main] INFO  DevOps.ScientificCalc - [RESULT - POWER] - 8.0
2023-03-18 11:45:14.061 [main] INFO  DevOps.ScientificCalc - [POWER - 2.0 RAISED TO] 3.0
2023-03-18 11:45:14.061 [main] INFO  DevOps.ScientificCalc - [RESULT - POWER] - 8.0
2023-03-18 11:45:14.061 [main] INFO  DevOps.ScientificCalc - [POWER - 4.0 RAISED TO] 3.0
2023-03-18 11:45:14.061 [main] INFO  DevOps.ScientificCalc - [RESULT - POWER] - 64.0
2023-03-18 11:45:14.062 [main] INFO  DevOps.ScientificCalc - [NATURAL LOG] - 2.4
2023-03-18 11:45:14.063 [main] INFO  DevOps.ScientificCalc - [RESULT - NATURAL LOG] - 0.8754687373538999
2023-03-18 11:45:14.063 [main] INFO  DevOps.ScientificCalc - [NATURAL LOG] - 2.1
2023-03-18 11:45:14.064 [main] INFO  DevOps.ScientificCalc - [RESULT - NATURAL LOG] - 0.7419373447293773
2023-03-18 11:45:14.064 [main] INFO  DevOps.ScientificCalc - [SQ ROOT] - 4.0
2023-03-18 11:45:14.066 [main] INFO  DevOps.ScientificCalc - [RESULT - SQ ROOT] - 2.0
2023-03-18 11:45:14.066 [main] INFO  DevOps.ScientificCalc - [SQ ROOT] - 1.0
2023-03-18 11:45:14.066 [main] INFO  DevOps.ScientificCalc - [RESULT - SQ ROOT] - 1.0
2023-03-18 11:45:57.544 [main] INFO  DevOps.ScientificCalc - [SQ ROOT] - 3.0
2023-03-18 11:45:57.547 [main] INFO  DevOps.ScientificCalc - [RESULT - SQ ROOT] - 1.7320508075688772
2023-03-18 11:45:57.547 [main] INFO  DevOps.ScientificCalc - [SQ ROOT] - 4.0
2023-03-18 11:45:57.547 [main] INFO  DevOps.ScientificCalc - [RESULT - SQ ROOT] - 2.0
2023-03-18 11:45:57.548 [main] INFO  DevOps.ScientificCalc - [NATURAL LOG] - 1.0
2023-03-18 11:45:57.549 [main] INFO  DevOps.ScientificCalc - [RESULT - NATURAL LOG] - 0.0
2023-03-18 11:45:57.549 [main] INFO  DevOps.ScientificCalc - [NATURAL LOG] - 1.0
2023-03-18 11:45:57.549 [main] INFO  DevOps.ScientificCalc - [RESULT - NATURAL LOG] - 0.0
2023-03-18 11:45:57.558 [main] INFO  DevOps.ScientificCalc - [POWER - 2.0 RAISED TO] 2.0
2023-03-18 11:45:57.559 [main] INFO  DevOps.ScientificCalc - [RESULT - POWER] - 4.0
2023-03-18 11:45:57.559 [main] INFO  DevOps.ScientificCalc - [POWER - 2.0 RAISED TO] 3.0
2023-03-18 11:45:57.560 [main] INFO  DevOps.ScientificCalc - [RESULT - POWER] - 8.0
2023-03-18 11:45:57.560 [main] INFO  DevOps.ScientificCalc - [POWER - 2.0 RAISED TO] 3.0
2023-03-18 11:45:57.561 [main] INFO  DevOps.ScientificCalc - [RESULT - POWER] - 8.0
2023-03-18 11:45:57.562 [main] INFO  DevOps.ScientificCalc - [POWER - 4.0 RAISED TO] 3.0
2023-03-18 11:45:57.562 [main] INFO  DevOps.ScientificCalc - [RESULT - POWER] - 64.0
2023-03-18 11:45:57.564 [main] INFO  DevOps.ScientificCalc - [NATURAL LOG] - 2.4
2023-03-18 11:45:57.564 [main] INFO  DevOps.ScientificCalc - [RESULT - NATURAL LOG] - 0.8754687373538999
2023-03-18 11:45:57.565 [main] INFO  DevOps.ScientificCalc - [NATURAL LOG] - 2.1
2023-03-18 11:45:57.565 [main] INFO  DevOps.ScientificCalc - [RESULT - NATURAL LOG] - 0.7419373447293773
2023-03-18 11:45:57.566 [main] INFO  DevOps.ScientificCalc - [SQ ROOT] - 4.0
2023-03-18 11:45:57.566 [main] INFO  DevOps.ScientificCalc - [RESULT - SQ ROOT] - 2.0
2023-03-18 11:45:57.566 [main] INFO  DevOps.ScientificCalc - [SQ ROOT] - 1.0
2023-03-18 11:45:57.567 [main] INFO  DevOps.ScientificCalc - [RESULT - SQ ROOT] - 1.0
2023-03-18 11:46:50.775 [main] INFO  DevOps.ScientificCalc - [SQ ROOT] - 3.0
2023-03-18 11:46:50.777 [main] INFO  DevOps.ScientificCalc - [RESULT - SQ ROOT] - 1.7320508075688772
2023-03-18 11:46:50.778 [main] INFO  DevOps.ScientificCalc - [SQ ROOT] - 4.0
2023-03-18 11:46:50.778 [main] INFO  DevOps.ScientificCalc - [RESULT - SQ ROOT] - 2.0
2023-03-18 11:46:50.779 [main] INFO  DevOps.ScientificCalc - [NATURAL LOG] - 1.0
2023-03-18 11:46:50.779 [main] INFO  DevOps.ScientificCalc - [RESULT - NATURAL LOG] - 0.0
2023-03-18 11:46:50.780 [main] INFO  DevOps.ScientificCalc - [NATURAL LOG] - 1.0
2023-03-18 11:46:50.780 [main] INFO  DevOps.ScientificCalc - [RESULT - NATURAL LOG] - 0.0
2023-03-18 11:46:50.790 [main] INFO  DevOps.ScientificCalc - [POWER - 2.0 RAISED TO] 2.0
2023-03-18 11:46:50.791 [main] INFO  DevOps.ScientificCalc - [RESULT - POWER] - 4.0
2023-03-18 11:46:50.791 [main] INFO  DevOps.ScientificCalc - [POWER - 2.0 RAISED TO] 3.0
2023-03-18 11:46:50.791 [main] INFO  DevOps.ScientificCalc - [RESULT - POWER] - 8.0
2023-03-18 11:46:50.792 [main] INFO  DevOps.ScientificCalc - [POWER - 2.0 RAISED TO] 3.0
2023-03-18 11:46:50.792 [main] INFO  DevOps.ScientificCalc - [RESULT - POWER] - 8.0
2023-03-18 11:46:50.792 [main] INFO  DevOps.ScientificCalc - [POWER - 4.0 RAISED TO] 3.0
2023-03-18 11:46:50.793 [main] INFO  DevOps.ScientificCalc - [RESULT - POWER] - 64.0
2023-03-18 11:46:50.793 [main] INFO  DevOps.ScientificCalc - [NATURAL LOG] - 2.4
2023-03-18 11:46:50.793 [main] INFO  DevOps.ScientificCalc - [RESULT - NATURAL LOG] - 0.8754687373538999
2023-03-18 11:46:50.794 [main] INFO  DevOps.ScientificCalc - [NATURAL LOG] - 2.1
2023-03-18 11:46:50.794 [main] INFO  DevOps.ScientificCalc - [RESULT - NATURAL LOG] - 0.7419373447293773
2023-03-18 11:46:50.795 [main] INFO  DevOps.ScientificCalc - [SQ ROOT] - 4.0
2023-03-18 11:46:50.796 [main] INFO  DevOps.ScientificCalc - [RESULT - SQ ROOT] - 2.0
2023-03-18 11:46:50.796 [main] INFO  DevOps.ScientificCalc - [SQ ROOT] - 1.0
2023-03-18 11:46:50.796 [main] INFO  DevOps.ScientificCalc - [RESULT - SQ ROOT] - 1.0
2023-03-18 11:47:31.790 [main] INFO  DevOps.ScientificCalc - [SQ ROOT] - 3.0
2023-03-18 11:47:31.793 [main] INFO  DevOps.ScientificCalc - [RESULT - SQ ROOT] - 1.7320508075688772
2023-03-18 11:47:31.793 [main] INFO  DevOps.ScientificCalc - [SQ ROOT] - 4.0
2023-03-18 11:47:31.793 [main] INFO  DevOps.ScientificCalc - [RESULT - SQ ROOT] - 2.0
2023-03-18 11:47:31.794 [main] INFO  DevOps.ScientificCalc - [NATURAL LOG] - 1.0
2023-03-18 11:47:31.795 [main] INFO  DevOps.ScientificCalc - [RESULT - NATURAL LOG] - 0.0
2023-03-18 11:47:31.796 [main] INFO  DevOps.ScientificCalc - [NATURAL LOG] - 1.0
2023-03-18 11:47:31.796 [main] INFO  DevOps.ScientificCalc - [RESULT - NATURAL LOG] - 0.0
2023-03-18 11:47:31.811 [main] INFO  DevOps.ScientificCalc - [POWER - 2.0 RAISED TO] 2.0
2023-03-18 11:47:31.812 [main] INFO  DevOps.ScientificCalc - [RESULT - POWER] - 4.0
2023-03-18 11:47:31.812 [main] INFO  DevOps.ScientificCalc - [POWER - 2.0 RAISED TO] 3.0
2023-03-18 11:47:31.813 [main] INFO  DevOps.ScientificCalc - [RESULT - POWER] - 8.0
2023-03-18 11:47:31.814 [main] INFO  DevOps.ScientificCalc - [POWER - 2.0 RAISED TO] 3.0
2023-03-18 11:47:31.814 [main] INFO  DevOps.ScientificCalc - [RESULT - POWER] - 8.0
2023-03-18 11:47:31.814 [main] INFO  DevOps.ScientificCalc - [POWER - 4.0 RAISED TO] 3.0
2023-03-18 11:47:31.814 [main] INFO  DevOps.ScientificCalc - [RESULT - POWER] - 64.0
2023-03-18 11:47:31.815 [main] INFO  DevOps.ScientificCalc - [NATURAL LOG] - 2.4
2023-03-18 11:47:31.815 [main] INFO  DevOps.ScientificCalc - [RESULT - NATURAL LOG] - 0.8754687373538999
2023-03-18 11:47:31.815 [main] INFO  DevOps.ScientificCalc - [NATURAL LOG] - 2.1
2023-03-18 11:47:31.815 [main] INFO  DevOps.ScientificCalc - [RESULT - NATURAL LOG] - 0.7419373447293773
2023-03-18 11:47:31.816 [main] INFO  DevOps.ScientificCalc - [SQ ROOT] - 4.0
2023-03-18 11:47:31.816 [main] INFO  DevOps.ScientificCalc - [RESULT - SQ ROOT] - 2.0
2023-03-18 11:47:31.817 [main] INFO  DevOps.ScientificCalc - [SQ ROOT] - 1.0
2023-03-18 11:47:31.817 [main] INFO  DevOps.ScientificCalc - [RESULT - SQ ROOT] - 1.0
2023-03-18 11:48:00.795 [main] INFO  DevOps.ScientificCalc - [SQ ROOT] - 3.0
2023-03-18 11:48:00.797 [main] INFO  DevOps.ScientificCalc - [RESULT - SQ ROOT] - 1.7320508075688772
2023-03-18 11:48:00.798 [main] INFO  DevOps.ScientificCalc - [SQ ROOT] - 4.0
2023-03-18 11:48:00.798 [main] INFO  DevOps.ScientificCalc - [RESULT - SQ ROOT] - 2.0
2023-03-18 11:48:00.799 [main] INFO  DevOps.ScientificCalc - [NATURAL LOG] - 1.0
2023-03-18 11:48:00.800 [main] INFO  DevOps.ScientificCalc - [RESULT - NATURAL LOG] - 0.0
2023-03-18 11:48:00.800 [main] INFO  DevOps.ScientificCalc - [NATURAL LOG] - 1.0
2023-03-18 11:48:00.800 [main] INFO  DevOps.ScientificCalc - [RESULT - NATURAL LOG] - 0.0
2023-03-18 11:48:00.816 [main] INFO  DevOps.ScientificCalc - [POWER - 2.0 RAISED TO] 2.0
2023-03-18 11:48:00.817 [main] INFO  DevOps.ScientificCalc - [RESULT - POWER] - 4.0
2023-03-18 11:48:00.817 [main] INFO  DevOps.ScientificCalc - [POWER - 2.0 RAISED TO] 3.0
2023-03-18 11:48:00.817 [main] INFO  DevOps.ScientificCalc - [RESULT - POWER] - 8.0
2023-03-18 11:48:00.818 [main] INFO  DevOps.ScientificCalc - [POWER - 2.0 RAISED TO] 3.0
2023-03-18 11:48:00.818 [main] INFO  DevOps.ScientificCalc - [RESULT - POWER] - 8.0
2023-03-18 11:48:00.818 [main] INFO  DevOps.ScientificCalc - [POWER - 4.0 RAISED TO] 3.0
2023-03-18 11:48:00.818 [main] INFO  DevOps.ScientificCalc - [RESULT - POWER] - 64.0
2023-03-18 11:48:00.819 [main] INFO  DevOps.ScientificCalc - [NATURAL LOG] - 2.4
2023-03-18 11:48:00.819 [main] INFO  DevOps.ScientificCalc - [RESULT - NATURAL LOG] - 0.8754687373538999
2023-03-18 11:48:00.819 [main] INFO  DevOps.ScientificCalc - [NATURAL LOG] - 2.1
2023-03-18 11:48:00.820 [main] INFO  DevOps.ScientificCalc - [RESULT - NATURAL LOG] - 0.7419373447293773
2023-03-18 11:48:00.821 [main] INFO  DevOps.ScientificCalc - [SQ ROOT] - 4.0
2023-03-18 11:48:00.821 [main] INFO  DevOps.ScientificCalc - [RESULT - SQ ROOT] - 2.0
2023-03-18 11:48:00.821 [main] INFO  DevOps.ScientificCalc - [SQ ROOT] - 1.0
2023-03-18 11:48:00.821 [main] INFO  DevOps.ScientificCalc - [RESULT - SQ ROOT] - 1.0
2023-03-18 17:17:08.677 [main] INFO  DevOps.ScientificCalc - [FACTORIAL] - 5.0
2023-03-18 17:17:08.681 [main] INFO  DevOps.ScientificCalc - [RESULT - FACTORIAL] - 120.0
2023-03-18 17:24:22.442 [main] INFO  DevOps.ScientificCalc - [SQ ROOT] - 81.0
2023-03-18 17:24:22.444 [main] INFO  DevOps.ScientificCalc - [RESULT - SQ ROOT] - 9.0
2023-03-18 17:28:22.453 [main] INFO  DevOps.ScientificCalc - [SQ ROOT] - 625.0
2023-03-18 17:28:22.456 [main] INFO  DevOps.ScientificCalc - [RESULT - SQ ROOT] - 25.0
2023-03-18 17:29:05.591 [main] INFO  DevOps.ScientificCalc - [SQ ROOT] - 625.0
2023-03-18 17:29:05.596 [main] INFO  DevOps.ScientificCalc - [RESULT - SQ ROOT] - 25.0
2023-03-18 17:29:43.125 [main] INFO  DevOps.ScientificCalc - [SQ ROOT] - 625.0
2023-03-18 17:29:43.127 [main] INFO  DevOps.ScientificCalc - [RESULT - SQ ROOT] - 25.0
2023-03-18 17:30:48.395 [main] INFO  DevOps.ScientificCalc - [SQ ROOT] - 625.0
2023-03-18 17:30:48.396 [main] INFO  DevOps.ScientificCalc - [RESULT - SQ ROOT] - 25.0
2023-03-18 19:27:40.920 [main] INFO  DevOps.Operations.SquareRoot - [SQ ROOT] - 625.0
2023-03-18 19:27:40.922 [main] INFO  DevOps.Operations.SquareRoot - [RESULT - SQ ROOT] - 25.0
2023-03-18 19:29:44.133 [main] INFO  DevOps.Operations.SquareRoot - [SQ ROOT] - 3.0
2023-03-18 19:29:44.136 [main] INFO  DevOps.Operations.SquareRoot - [RESULT - SQ ROOT] - 1.7320508075688772
2023-03-18 19:29:44.136 [main] INFO  DevOps.Operations.SquareRoot - [SQ ROOT] - 4.0
2023-03-18 19:29:44.137 [main] INFO  DevOps.Operations.SquareRoot - [RESULT - SQ ROOT] - 2.0
2023-03-18 19:29:44.139 [main] INFO  DevOps.ScientificCalc - [NATURAL LOG] - 1.0
2023-03-18 19:29:44.140 [main] INFO  DevOps.ScientificCalc - [RESULT - NATURAL LOG] - 0.0
2023-03-18 19:29:44.140 [main] INFO  DevOps.ScientificCalc - [NATURAL LOG] - 1.0
2023-03-18 19:29:44.140 [main] INFO  DevOps.ScientificCalc - [RESULT - NATURAL LOG] - 0.0
2023-03-18 19:29:44.151 [main] INFO  DevOps.ScientificCalc - [POWER - 2.0 RAISED TO] 2.0
2023-03-18 19:29:44.152 [main] INFO  DevOps.ScientificCalc - [RESULT - POWER] - 4.0
2023-03-18 19:29:44.153 [main] INFO  DevOps.ScientificCalc - [POWER - 2.0 RAISED TO] 3.0
2023-03-18 19:29:44.154 [main] INFO  DevOps.ScientificCalc - [RESULT - POWER] - 8.0
2023-03-18 19:29:44.155 [main] INFO  DevOps.ScientificCalc - [POWER - 2.0 RAISED TO] 3.0
2023-03-18 19:29:44.156 [main] INFO  DevOps.ScientificCalc - [RESULT - POWER] - 8.0
2023-03-18 19:29:44.156 [main] INFO  DevOps.ScientificCalc - [POWER - 4.0 RAISED TO] 3.0
2023-03-18 19:29:44.157 [main] INFO  DevOps.ScientificCalc - [RESULT - POWER] - 64.0
2023-03-18 19:29:44.159 [main] INFO  DevOps.ScientificCalc - [NATURAL LOG] - 2.4
2023-03-18 19:29:44.159 [main] INFO  DevOps.ScientificCalc - [RESULT - NATURAL LOG] - 0.8754687373538999
2023-03-18 19:29:44.160 [main] INFO  DevOps.ScientificCalc - [NATURAL LOG] - 2.1
2023-03-18 19:29:44.160 [main] INFO  DevOps.ScientificCalc - [RESULT - NATURAL LOG] - 0.7419373447293773
2023-03-18 19:29:44.161 [main] INFO  DevOps.Operations.SquareRoot - [SQ ROOT] - 4.0
2023-03-18 19:29:44.161 [main] INFO  DevOps.Operations.SquareRoot - [RESULT - SQ ROOT] - 2.0
2023-03-18 19:29:44.162 [main] INFO  DevOps.Operations.SquareRoot - [SQ ROOT] - 1.0
2023-03-18 19:29:44.162 [main] INFO  DevOps.Operations.SquareRoot - [RESULT - SQ ROOT] - 1.0
2023-03-18 20:12:25.030 [main] INFO  DevOps.Operations.SquareRoot - [SQ ROOT] - 10000.0
2023-03-18 20:12:25.033 [main] INFO  DevOps.Operations.SquareRoot - [RESULT - SQ ROOT] - 100.0
2023-03-18 20:13:04.862 [main] INFO  DevOps.Operations.Factorial - [FACTORIAL] - 5.0
2023-03-18 20:13:04.863 [main] INFO  DevOps.Operations.Factorial - [RESULT - FACTORIAL] - 120.0
2023-03-18 20:17:00.209 [main] INFO  DevOps.Operations.Factorial - [FACTORIAL] - 5.0
2023-03-18 20:17:00.211 [main] INFO  DevOps.Operations.Factorial - [RESULT - FACTORIAL] - 120.0
